User 564898850 started the bot.
User 564898850 requested character info: Имя: Anakin Skywalker
Рост: 188
Вес: 84
Цвет волос: blond
Цвет кожи: fair
Цвет глаз: blue
Год рождения: 41.9BBY
User 564898850 performed web scraping: Title of example.com is 'Example Domain'
User 564898850 requested help.
User 564898850 requested character info: Имя: Jabba Desilijic Tiure
Рост: 175
Вес: 1,358
Цвет волос: n/a
Цвет кожи: green-tan, brown
Цвет глаз: orange
Год рождения: 600BBY
User 564898850 requested character info: Имя: Wedge Antilles
Рост: 170
Вес: 77
Цвет волос: brown
Цвет кожи: fair
Цвет глаз: hazel
Год рождения: 21BBY
User 564898850 requested character info: Имя: Wilhuff Tarkin
Рост: 180
Вес: unknown
Цвет волос: auburn, grey
Цвет кожи: fair
Цвет глаз: blue
Год рождения: 64BBY
User 564898850 requested character info: Имя: R5-D4
Рост: 97
Вес: 32
Цвет волос: n/a
Цвет кожи: white, red
Цвет глаз: red
Год рождения: unknown
User 564898850 requested character info: Имя: Anakin Skywalker
Рост: 188
Вес: 84
Цвет волос: blond
Цвет кожи: fair
Цвет глаз: blue
Год рождения: 41.9BBY
User 564898850 requested character info: Имя: Wilhuff Tarkin
Рост: 180
Вес: unknown
Цвет волос: auburn, grey
Цвет кожи: fair
Цвет глаз: blue
Год рождения: 64BBY
User 564898850 requested character info: Имя: Leia Organa
Рост: 150
Вес: 49
Цвет волос: brown
Цвет кожи: light
Цвет глаз: brown
Год рождения: 19BBY
User 564898850 requested character info: Имя: C-3PO
Рост: 167
Вес: 75
Цвет волос: n/a
Цвет кожи: gold
Цвет глаз: yellow
Год рождения: 112BBY
User 564898850 requested character info: Имя: Darth Vader
Рост: 202
Вес: 136
Цвет волос: none
Цвет кожи: white
Цвет глаз: yellow
Год рождения: 41.9BBY
User 564898850 requested character info: Имя: Jabba Desilijic Tiure
Рост: 175
Вес: 1,358
Цвет волос: n/a
Цвет кожи: green-tan, brown
Цвет глаз: orange
Год рождения: 600BBY
User 564898850 requested character info: Имя: R2-D2
Рост: 96
Вес: 32
Цвет волос: n/a
Цвет кожи: white, blue
Цвет глаз: red
Год рождения: 33BBY
User 564898850 requested character info: Имя: R5-D4
Рост: 97
Вес: 32
Цвет волос: n/a
Цвет кожи: white, red
Цвет глаз: red
Год рождения: unknown
User 564898850 attempted to scrape data but no headlines were found.
User 564898850 attempted to scrape data but no headlines were found.
User 564898850 requested character info: Имя: Jek Tono Porkins
Рост: 180
Вес: 110
Цвет волос: brown
Цвет кожи: fair
Цвет глаз: blue
Год рождения: unknown
User 564898850 requested character info: Имя: Jabba Desilijic Tiure
Рост: 175
Вес: 1,358
Цвет волос: n/a
Цвет кожи: green-tan, brown
Цвет глаз: orange
Год рождения: 600BBY
User 564898850 requested character info: Имя: Yoda
Рост: 66
Вес: 17
Цвет волос: white
Цвет кожи: green
Цвет глаз: brown
Год рождения: 896BBY
User 564898850 requested character info: Имя: Greedo
Рост: 173
Вес: 74
Цвет волос: n/a
Цвет кожи: green
Цвет глаз: black
Год рождения: 44BBY
User 564898850 requested character info: Имя: Chewbacca
Рост: 228
Вес: 112
Цвет волос: brown
Цвет кожи: unknown
Цвет глаз: blue
Год рождения: 200BBY
User 564898850 requested character info: Имя: Han Solo
Рост: 180
Вес: 80
Цвет волос: brown
Цвет кожи: fair
Цвет глаз: brown
Год рождения: 29BBY
User 564898850 attempted to scrape data but no headlines were found.
User 564898850 attempted to scrape data but no headlines were found.
User 564898850 attempted to scrape data but no headlines were found.
User 564898850 requested character info: Имя: Darth Vader
Рост: 202
Вес: 136
Цвет волос: none
Цвет кожи: white
Цвет глаз: yellow
Год рождения: 41.9BBY
User 564898850 attempted to scrape data but no headlines were found.
User 564898850 attempted to scrape data but no headlines were found.
User 564898850 requested character info: Имя: Greedo
Рост: 173
Вес: 74
Цвет волос: n/a
Цвет кожи: green
Цвет глаз: black
Год рождения: 44BBY
User 564898850 scraped quotes: “The world as we have created it is a process of our thinking. It cannot be changed without changing our thinking.”; “It is our choices, Harry, that show what we truly are, far more than our abilities.”; “There are only two ways to live your life. One is as though nothing is a miracle. The other is as though everything is a miracle.”; “The person, be it gentleman or lady, who has not pleasure in a good novel, must be intolerably stupid.”; “Imperfection is beauty, madness is genius and it's better to be absolutely ridiculous than absolutely boring.”
User 564898850 scraped quotes: “The world as we have created it is a process of our thinking. It cannot be changed without changing our thinking.”; “It is our choices, Harry, that show what we truly are, far more than our abilities.”; “There are only two ways to live your life. One is as though nothing is a miracle. The other is as though everything is a miracle.”; “The person, be it gentleman or lady, who has not pleasure in a good novel, must be intolerably stupid.”; “Imperfection is beauty, madness is genius and it's better to be absolutely ridiculous than absolutely boring.”
User 564898850 requested help.
User 564898850 requested character info: Имя: R2-D2
Рост: 96
Вес: 32
Цвет волос: n/a
Цвет кожи: white, blue
Цвет глаз: red
Год рождения: 33BBY
User 564898850 requested quote: Get busy living or get busy dying.
User 564898850 requested quote: You have within you right now, everything you need to deal with whatever the world can throw at you.
User 564898850 requested character info: Имя: Anakin Skywalker
Рост: 188
Вес: 84
Цвет волос: blond
Цвет кожи: fair
Цвет глаз: blue
Год рождения: 41.9BBY
User 564898850 scraped quotes: “The world as we have created it is a process of our thinking. It cannot be changed without changing our thinking.”; “It is our choices, Harry, that show what we truly are, far more than our abilities.”; “There are only two ways to live your life. One is as though nothing is a miracle. The other is as though everything is a miracle.”; “The person, be it gentleman or lady, who has not pleasure in a good novel, must be intolerably stupid.”; “Imperfection is beauty, madness is genius and it's better to be absolutely ridiculous than absolutely boring.”
User 564898850 scraped quotes: “The world as we have created it is a process of our thinking. It cannot be changed without changing our thinking.”; “It is our choices, Harry, that show what we truly are, far more than our abilities.”; “There are only two ways to live your life. One is as though nothing is a miracle. The other is as though everything is a miracle.”; “The person, be it gentleman or lady, who has not pleasure in a good novel, must be intolerably stupid.”; “Imperfection is beauty, madness is genius and it's better to be absolutely ridiculous than absolutely boring.”
User 564898850 scraped quotes: “The world as we have created it is a process of our thinking. It cannot be changed without changing our thinking.”; “It is our choices, Harry, that show what we truly are, far more than our abilities.”; “There are only two ways to live your life. One is as though nothing is a miracle. The other is as though everything is a miracle.”; “The person, be it gentleman or lady, who has not pleasure in a good novel, must be intolerably stupid.”; “Imperfection is beauty, madness is genius and it's better to be absolutely ridiculous than absolutely boring.”
User 564898850 requested character info: Имя: Darth Vader
Рост: 202
Вес: 136
Цвет волос: none
Цвет кожи: white
Цвет глаз: yellow
Год рождения: 41.9BBY
User 564898850 scraped quote: “The world as we have created it is a process of our thinking. It cannot be changed without changing our thinking.”
User 564898850 scraped quote: “It is our choices, Harry, that show what we truly are, far more than our abilities.”
User 564898850 scraped quote: “There are only two ways to live your life. One is as though nothing is a miracle. The other is as though everything is a miracle.”
User 564898850 scraped quote: “The person, be it gentleman or lady, who has not pleasure in a good novel, must be intolerably stupid.”
User 564898850 scraped quote: “Imperfection is beauty, madness is genius and it's better to be absolutely ridiculous than absolutely boring.”
User 564898850 scraped quote: “Try not to become a man of success. Rather become a man of value.”
User 564898850 scraped quote: “It is better to be hated for what you are than to be loved for what you are not.”
User 564898850 requested help.
User 564898850 requested help.
User 564898850 requested help.
User 564898850 requested character info: Имя: Owen Lars
Рост: 178
Вес: 120
Цвет волос: brown, grey
Цвет кожи: light
Цвет глаз: blue
Год рождения: 52BBY
User 564898850 scraped quote: “The world as we have created it is a process of our thinking. It cannot be changed without changing our thinking.”
User 564898850 scraped quote: “The world as we have created it is a process of our thinking. It cannot be changed without changing our thinking.”
User 564898850 requested help.
User 564898850 requested help.
User 564898850 scraped quote: “The world as we have created it is a process of our thinking. It cannot be changed without changing our thinking.”
User 564898850 requested character info: Имя: Biggs Darklighter
Рост: 183
Вес: 84
Цвет волос: black
Цвет кожи: light
Цвет глаз: brown
Год рождения: 24BBY
User 564898850 requested character info: Имя: Luke Skywalker
Рост: 172
Вес: 77
Цвет волос: blond
Цвет кожи: fair
Цвет глаз: blue
Год рождения: 19BBY
User 564898850 scraped quote: “The world as we have created it is a process of our thinking. It cannot be changed without changing our thinking.”
User 564898850 requested character info: Имя: Wilhuff Tarkin
Рост: 180
Вес: unknown
Цвет волос: auburn, grey
Цвет кожи: fair
Цвет глаз: blue
Год рождения: 64BBY
User 564898850 requested help.
